TN:
SF:script/DeployRaffle.s.sol
DA:10,0
FN:10,DeployRaffle.run
FNDA:0,DeployRaffle.run
DA:11,0
DA:14,5
FN:14,DeployRaffle.deployContract
FNDA:5,DeployRaffle.deployContract
DA:15,5
DA:16,5
DA:18,5
BRDA:18,0,0,-
DA:20,0
DA:21,0
DA:25,0
DA:26,0
DA:31,5
DA:32,5
DA:40,5
DA:43,5
DA:44,5
DA:46,5
FNF:2
FNH:1
LF:16
LH:10
BRF:1
BRH:0
end_of_record
TN:
SF:script/HelperConfig.s.sol
DA:34,5
FN:34,HelperConfig.constructor
FNDA:5,HelperConfig.constructor
DA:35,5
DA:38,0
FN:38,HelperConfig.getConfigByChainId
FNDA:0,HelperConfig.getConfigByChainId
DA:39,10
BRDA:39,0,0,-
BRDA:39,0,1,-
DA:40,0
DA:42,10
BRDA:42,1,0,10
BRDA:42,1,1,-
DA:43,10
DA:45,0
DA:50,10
FN:50,HelperConfig.getConfig
FNDA:10,HelperConfig.getConfig
DA:51,10
DA:54,5
FN:54,HelperConfig.getSepoliaEthConfig
FNDA:5,HelperConfig.getSepoliaEthConfig
DA:55,5
DA:66,0
FN:66,HelperConfig.getOrCreateAnvilEthConfig
FNDA:0,HelperConfig.getOrCreateAnvilEthConfig
DA:68,10
BRDA:68,2,0,5
DA:69,5
DA:73,5
DA:74,5
DA:75,5
DA:76,5
DA:77,5
DA:78,5
DA:80,5
DA:90,5
FNF:5
FNH:3
LF:23
LH:19
BRF:5
BRH:2
end_of_record
TN:
SF:script/Interactions.s.sol
DA:11,0
FN:11,CreateSubscription.createSubscriptionUsingConfig
FNDA:0,CreateSubscription.createSubscriptionUsingConfig
DA:12,0
DA:13,0
DA:14,0
DA:15,0
DA:18,0
FN:18,CreateSubscription.createSubscription
FNDA:0,CreateSubscription.createSubscription
DA:19,0
DA:20,0
DA:21,0
DA:22,0
DA:24,0
DA:25,0
DA:26,0
DA:29,0
FN:29,CreateSubscription.run
FNDA:0,CreateSubscription.run
DA:30,0
DA:37,0
FN:37,FundSubscription.fundSubscriptionUsingConfig
FNDA:0,FundSubscription.fundSubscriptionUsingConfig
DA:38,0
DA:39,0
DA:40,0
DA:41,0
DA:42,0
DA:45,0
FN:45,FundSubscription.fundSubscription
FNDA:0,FundSubscription.fundSubscription
DA:46,0
DA:47,0
DA:48,0
DA:49,0
BRDA:49,0,0,-
BRDA:49,0,1,-
DA:50,0
DA:51,0
DA:52,0
DA:54,0
DA:55,0
DA:56,0
DA:60,0
FN:60,FundSubscription.run
FNDA:0,FundSubscription.run
DA:61,0
DA:66,0
FN:66,AddConsumer.addConsumerUsingConfig
FNDA:0,AddConsumer.addConsumerUsingConfig
DA:67,0
DA:68,0
DA:69,0
DA:70,0
DA:73,5
FN:73,AddConsumer.addConsumer
FNDA:5,AddConsumer.addConsumer
DA:74,5
DA:75,5
DA:76,5
DA:78,5
DA:79,5
DA:80,5
DA:83,0
FN:83,AddConsumer.run
FNDA:0,AddConsumer.run
DA:84,0
DA:85,0
FNF:9
FNH:1
LF:49
LH:7
BRF:2
BRH:0
end_of_record
TN:
SF:src/Raffle.sol
DA:45,5
FN:45,Raffle.onlyOpen
FNDA:5,Raffle.onlyOpen
DA:46,5
BRDA:46,0,0,1
DA:47,1
DA:52,5
FN:52,Raffle.constructor
FNDA:5,Raffle.constructor
DA:60,5
DA:61,5
DA:62,5
DA:63,5
DA:64,5
DA:65,5
DA:66,5
DA:69,5
FN:69,Raffle.enterRaffle
FNDA:5,Raffle.enterRaffle
DA:70,4
BRDA:70,1,0,1
DA:71,1
DA:74,3
BRDA:74,2,0,-
DA:75,0
DA:78,3
DA:80,3
DA:95,0
FN:95,Raffle.checkUpkeep
FNDA:0,Raffle.checkUpkeep
DA:100,1
DA:101,1
DA:102,1
DA:103,1
DA:105,1
DA:106,1
DA:109,1
FN:109,Raffle.performUpkeep
FNDA:1,Raffle.performUpkeep
DA:110,1
DA:112,1
BRDA:112,3,0,-
DA:113,0
DA:116,1
DA:118,1
DA:127,1
DA:130,0
FN:130,Raffle.fulfillRandomWords
FNDA:0,Raffle.fulfillRandomWords
DA:131,0
DA:132,0
DA:133,0
DA:134,0
DA:135,0
DA:136,0
DA:138,0
DA:140,0
DA:141,0
BRDA:141,4,0,-
DA:142,0
DA:149,0
FN:149,Raffle.getEntranceFee
FNDA:0,Raffle.getEntranceFee
DA:150,0
DA:153,1
FN:153,Raffle.getRaffleState
FNDA:1,Raffle.getRaffleState
DA:154,1
DA:157,1
FN:157,Raffle.getPlayer
FNDA:1,Raffle.getPlayer
DA:158,1
FNF:9
FNH:6
LF:49
LH:33
BRF:5
BRH:2
end_of_record
TN:
SF:test/mocks/LinkToken.sol
DA:15,5
FN:15,LinkToken.constructor
FNDA:5,LinkToken.constructor
DA:16,5
DA:19,0
FN:19,LinkToken.mint
FNDA:0,LinkToken.mint
DA:20,0
DA:31,0
FN:31,LinkToken.transferAndCall
FNDA:0,LinkToken.transferAndCall
DA:32,0
DA:34,0
DA:35,0
BRDA:35,0,0,-
DA:36,0
DA:38,0
DA:43,0
FN:43,LinkToken.contractFallback
FNDA:0,LinkToken.contractFallback
DA:44,0
DA:45,0
DA:48,0
FN:48,LinkToken.isContract
FNDA:0,LinkToken.isContract
DA:49,0
DA:51,0
DA:53,0
FNF:5
FNH:1
LF:17
LH:2
BRF:1
BRH:0
end_of_record
